<?xml version="1.0" encoding="UTF-8"?>
<!-- Generated by org.testng.reporters.JUnitReportReporter -->
<testsuite hostname="XVMNOCLNRM212" name="avnfunctionaltest.Functionaltest" tests="5" failures="0" timestamp="5 Apr 2017 10:46:28 GMT" time="23.747" errors="0">
  <testcase name="viewrepairticket" time="5.363" classname="avnfunctionaltest.Functionaltest"/>
  <testcase name="createrepairticket" time="1.897" classname="avnfunctionaltest.Functionaltest"/>
  <testcase name="logintest" time="14.241" classname="avnfunctionaltest.Functionaltest"/>
  <testcase name="logouttest" time="0.504" classname="avnfunctionaltest.Functionaltest"/>
  <testcase name="pageredirection" time="1.742" classname="avnfunctionaltest.Functionaltest"/>
</testsuite> <!-- avnfunctionaltest.Functionaltest -->
